{"C:\\Users\\marco\\WebstormProjects\\SignuTimes2\\app.js":{"path":"C:\\Users\\marco\\WebstormProjects\\SignuTimes2\\app.js","s":{"1":1,"2":1,"3":1,"4":1,"5":1,"6":1,"7":1,"8":1,"9":1,"10":1,"11":1,"12":1,"13":1,"14":1,"15":1,"16":1,"17":1,"18":1,"19":0,"20":0,"21":0,"22":1,"23":0,"24":0,"25":0,"26":0,"27":1},"b":{"1":[0,0],"2":[0,0]},"f":{"1":0,"2":0},"fnMap":{"1":{"name":"(anonymous_1)","line":34,"loc":{"start":{"line":34,"column":8},"end":{"line":34,"column":33}}},"2":{"name":"(anonymous_2)","line":41,"loc":{"start":{"line":41,"column":8},"end":{"line":41,"column":38}}}},"statementMap":{"1":{"start":{"line":1,"column":0},"end":{"line":1,"column":33}},"2":{"start":{"line":2,"column":0},"end":{"line":2,"column":27}},"3":{"start":{"line":3,"column":0},"end":{"line":3,"column":39}},"4":{"start":{"line":4,"column":0},"end":{"line":4,"column":31}},"5":{"start":{"line":5,"column":0},"end":{"line":5,"column":44}},"6":{"start":{"line":6,"column":0},"end":{"line":6,"column":40}},"7":{"start":{"line":8,"column":0},"end":{"line":8,"column":38}},"8":{"start":{"line":9,"column":0},"end":{"line":9,"column":38}},"9":{"start":{"line":13,"column":0},"end":{"line":13,"column":20}},"10":{"start":{"line":17,"column":0},"end":{"line":17,"column":48}},"11":{"start":{"line":18,"column":0},"end":{"line":18,"column":31}},"12":{"start":{"line":22,"column":0},"end":{"line":22,"column":23}},"13":{"start":{"line":23,"column":0},"end":{"line":23,"column":27}},"14":{"start":{"line":24,"column":0},"end":{"line":24,"column":52}},"15":{"start":{"line":25,"column":0},"end":{"line":25,"column":24}},"16":{"start":{"line":26,"column":0},"end":{"line":26,"column":56}},"17":{"start":{"line":28,"column":0},"end":{"line":28,"column":20}},"18":{"start":{"line":34,"column":0},"end":{"line":38,"column":3}},"19":{"start":{"line":35,"column":2},"end":{"line":35,"column":35}},"20":{"start":{"line":36,"column":2},"end":{"line":36,"column":19}},"21":{"start":{"line":37,"column":2},"end":{"line":37,"column":12}},"22":{"start":{"line":41,"column":0},"end":{"line":49,"column":3}},"23":{"start":{"line":43,"column":2},"end":{"line":43,"column":35}},"24":{"start":{"line":44,"column":2},"end":{"line":44,"column":69}},"25":{"start":{"line":47,"column":2},"end":{"line":47,"column":32}},"26":{"start":{"line":48,"column":2},"end":{"line":48,"column":22}},"27":{"start":{"line":51,"column":0},"end":{"line":51,"column":21}}},"branchMap":{"1":{"line":44,"type":"cond-expr","locations":[{"start":{"line":44,"column":60},"end":{"line":44,"column":63}},{"start":{"line":44,"column":66},"end":{"line":44,"column":68}}]},"2":{"line":47,"type":"binary-expr","locations":[{"start":{"line":47,"column":13},"end":{"line":47,"column":23}},{"start":{"line":47,"column":27},"end":{"line":47,"column":30}}]}}},"C:\\Users\\marco\\WebstormProjects\\SignuTimes2\\routes\\index.js":{"path":"C:\\Users\\marco\\WebstormProjects\\SignuTimes2\\routes\\index.js","s":{"1":1,"2":1,"3":1,"4":1,"5":1,"6":1,"7":1,"8":1,"9":1,"10":1,"11":1,"12":1,"13":1,"14":1,"15":1,"16":1,"17":0,"18":1,"19":1,"20":1,"21":1,"22":0,"23":1,"24":1,"25":1,"26":1,"27":1,"28":1,"29":1,"30":1,"31":1,"32":0,"33":1,"34":1,"35":1,"36":1,"37":1,"38":1,"39":1,"40":1,"41":1,"42":1,"43":0,"44":1,"45":1,"46":1,"47":1,"48":1,"49":1,"50":1,"51":1,"52":1,"53":0,"54":1,"55":1,"56":0,"57":0,"58":0,"59":0,"60":0,"61":0,"62":0,"63":0,"64":0,"65":0,"66":1,"67":0,"68":0,"69":0,"70":0,"71":0,"72":1,"73":0,"74":0,"75":0,"76":0,"77":0,"78":0,"79":0,"80":0,"81":0,"82":0,"83":0,"84":0,"85":1,"86":0,"87":0,"88":0,"89":0,"90":0,"91":0,"92":0,"93":0,"94":0,"95":0,"96":0,"97":0,"98":1,"99":0,"100":0,"101":0,"102":0,"103":1,"104":0,"105":0,"106":0,"107":0,"108":0,"109":0,"110":0,"111":0,"112":0,"113":0,"114":0,"115":0,"116":0,"117":0,"118":0,"119":1,"120":0,"121":0,"122":0,"123":0,"124":0,"125":0,"126":0,"127":0,"128":0,"129":1},"b":{"1":[0,1],"2":[0,1],"3":[0,1],"4":[0,0],"5":[0,0],"6":[0,0],"7":[0,0],"8":[0,0],"9":[0,0],"10":[0,0],"11":[0,0],"12":[0,0],"13":[0,0],"14":[0,0]},"f":{"1":0,"2":0,"3":1,"4":1,"5":1,"6":1,"7":1,"8":1,"9":1,"10":1,"11":0,"12":0,"13":0,"14":0,"15":0,"16":0,"17":0,"18":0,"19":0,"20":0,"21":0,"22":0,"23":0,"24":0},"fnMap":{"1":{"name":"(anonymous_1)","line":18,"loc":{"start":{"line":18,"column":16},"end":{"line":18,"column":36}}},"2":{"name":"(anonymous_2)","line":27,"loc":{"start":{"line":27,"column":20},"end":{"line":27,"column":40}}},"3":{"name":"processCSR","line":37,"loc":{"start":{"line":37,"column":0},"end":{"line":37,"column":36}}},"4":{"name":"(anonymous_4)","line":38,"loc":{"start":{"line":38,"column":19},"end":{"line":38,"column":35}}},"5":{"name":"(anonymous_5)","line":41,"loc":{"start":{"line":41,"column":18},"end":{"line":41,"column":30}}},"6":{"name":"(anonymous_6)","line":42,"loc":{"start":{"line":42,"column":37},"end":{"line":42,"column":57}}},"7":{"name":"generateCSRReply","line":53,"loc":{"start":{"line":53,"column":0},"end":{"line":53,"column":43}}},"8":{"name":"revokeCert","line":77,"loc":{"start":{"line":77,"column":0},"end":{"line":77,"column":36}}},"9":{"name":"(anonymous_9)","line":79,"loc":{"start":{"line":79,"column":19},"end":{"line":79,"column":35}}},"10":{"name":"(anonymous_10)","line":82,"loc":{"start":{"line":82,"column":18},"end":{"line":82,"column":30}}},"11":{"name":"getCRL","line":93,"loc":{"start":{"line":93,"column":0},"end":{"line":93,"column":32}}},"12":{"name":"(anonymous_12)","line":110,"loc":{"start":{"line":110,"column":22},"end":{"line":110,"column":42}}},"13":{"name":"(anonymous_13)","line":111,"loc":{"start":{"line":111,"column":11},"end":{"line":111,"column":31}}},"14":{"name":"generateTSQuery","line":126,"loc":{"start":{"line":126,"column":0},"end":{"line":126,"column":44}}},"15":{"name":"generateTSReply","line":150,"loc":{"start":{"line":150,"column":0},"end":{"line":150,"column":42}}},"16":{"name":"getExample","line":172,"loc":{"start":{"line":172,"column":0},"end":{"line":172,"column":30}}},"17":{"name":"(anonymous_17)","line":174,"loc":{"start":{"line":174,"column":36},"end":{"line":174,"column":59}}},"18":{"name":"postTSR","line":186,"loc":{"start":{"line":186,"column":0},"end":{"line":186,"column":33}}},"19":{"name":"(anonymous_19)","line":191,"loc":{"start":{"line":191,"column":23},"end":{"line":191,"column":39}}},"20":{"name":"(anonymous_20)","line":194,"loc":{"start":{"line":194,"column":22},"end":{"line":194,"column":34}}},"21":{"name":"(anonymous_21)","line":199,"loc":{"start":{"line":199,"column":40},"end":{"line":199,"column":62}}},"22":{"name":"postOCSP","line":215,"loc":{"start":{"line":215,"column":0},"end":{"line":215,"column":28}}},"23":{"name":"(anonymous_23)","line":219,"loc":{"start":{"line":219,"column":23},"end":{"line":219,"column":39}}},"24":{"name":"(anonymous_24)","line":223,"loc":{"start":{"line":223,"column":22},"end":{"line":223,"column":34}}}},"statementMap":{"1":{"start":{"line":1,"column":0},"end":{"line":1,"column":35}},"2":{"start":{"line":2,"column":0},"end":{"line":2,"column":30}},"3":{"start":{"line":3,"column":0},"end":{"line":3,"column":29}},"4":{"start":{"line":4,"column":0},"end":{"line":4,"column":34}},"5":{"start":{"line":5,"column":0},"end":{"line":5,"column":22}},"6":{"start":{"line":6,"column":0},"end":{"line":6,"column":29}},"7":{"start":{"line":7,"column":0},"end":{"line":7,"column":43}},"8":{"start":{"line":8,"column":0},"end":{"line":8,"column":46}},"9":{"start":{"line":10,"column":0},"end":{"line":10,"column":75}},"10":{"start":{"line":11,"column":0},"end":{"line":11,"column":69}},"11":{"start":{"line":12,"column":0},"end":{"line":12,"column":67}},"12":{"start":{"line":13,"column":0},"end":{"line":13,"column":73}},"13":{"start":{"line":14,"column":0},"end":{"line":14,"column":65}},"14":{"start":{"line":15,"column":0},"end":{"line":15,"column":64}},"15":{"start":{"line":16,"column":0},"end":{"line":16,"column":71}},"16":{"start":{"line":18,"column":0},"end":{"line":20,"column":3}},"17":{"start":{"line":19,"column":4},"end":{"line":19,"column":37}},"18":{"start":{"line":21,"column":0},"end":{"line":21,"column":29}},"19":{"start":{"line":23,"column":0},"end":{"line":23,"column":33}},"20":{"start":{"line":25,"column":0},"end":{"line":25,"column":35}},"21":{"start":{"line":27,"column":0},"end":{"line":29,"column":3}},"22":{"start":{"line":28,"column":4},"end":{"line":28,"column":36}},"23":{"start":{"line":30,"column":0},"end":{"line":30,"column":31}},"24":{"start":{"line":32,"column":0},"end":{"line":32,"column":30}},"25":{"start":{"line":34,"column":0},"end":{"line":34,"column":34}},"26":{"start":{"line":37,"column":0},"end":{"line":51,"column":1}},"27":{"start":{"line":38,"column":4},"end":{"line":40,"column":7}},"28":{"start":{"line":39,"column":8},"end":{"line":39,"column":43}},"29":{"start":{"line":41,"column":4},"end":{"line":50,"column":7}},"30":{"start":{"line":42,"column":8},"end":{"line":49,"column":11}},"31":{"start":{"line":43,"column":12},"end":{"line":48,"column":13}},"32":{"start":{"line":44,"column":16},"end":{"line":44,"column":55}},"33":{"start":{"line":46,"column":16},"end":{"line":46,"column":83}},"34":{"start":{"line":47,"column":16},"end":{"line":47,"column":48}},"35":{"start":{"line":53,"column":0},"end":{"line":68,"column":1}},"36":{"start":{"line":54,"column":4},"end":{"line":54,"column":40}},"37":{"start":{"line":55,"column":4},"end":{"line":55,"column":63}},"38":{"start":{"line":56,"column":4},"end":{"line":56,"column":59}},"39":{"start":{"line":57,"column":4},"end":{"line":57,"column":64}},"40":{"start":{"line":59,"column":4},"end":{"line":59,"column":85}},"41":{"start":{"line":60,"column":4},"end":{"line":67,"column":7}},"42":{"start":{"line":61,"column":8},"end":{"line":66,"column":9}},"43":{"start":{"line":62,"column":12},"end":{"line":62,"column":26}},"44":{"start":{"line":64,"column":12},"end":{"line":64,"column":32}},"45":{"start":{"line":65,"column":12},"end":{"line":65,"column":34}},"46":{"start":{"line":77,"column":0},"end":{"line":91,"column":1}},"47":{"start":{"line":79,"column":4},"end":{"line":81,"column":7}},"48":{"start":{"line":80,"column":8},"end":{"line":80,"column":51}},"49":{"start":{"line":82,"column":4},"end":{"line":90,"column":7}},"50":{"start":{"line":85,"column":8},"end":{"line":85,"column":107}},"51":{"start":{"line":86,"column":8},"end":{"line":89,"column":11}},"52":{"start":{"line":87,"column":12},"end":{"line":87,"column":38}},"53":{"start":{"line":87,"column":21},"end":{"line":87,"column":38}},"54":{"start":{"line":88,"column":12},"end":{"line":88,"column":45}},"55":{"start":{"line":93,"column":0},"end":{"line":108,"column":1}},"56":{"start":{"line":97,"column":4},"end":{"line":97,"column":67}},"57":{"start":{"line":98,"column":4},"end":{"line":107,"column":7}},"58":{"start":{"line":99,"column":8},"end":{"line":99,"column":34}},"59":{"start":{"line":99,"column":17},"end":{"line":99,"column":34}},"60":{"start":{"line":100,"column":8},"end":{"line":100,"column":78}},"61":{"start":{"line":101,"column":8},"end":{"line":106,"column":11}},"62":{"start":{"line":102,"column":12},"end":{"line":102,"column":38}},"63":{"start":{"line":102,"column":21},"end":{"line":102,"column":38}},"64":{"start":{"line":104,"column":12},"end":{"line":104,"column":28}},"65":{"start":{"line":105,"column":12},"end":{"line":105,"column":40}},"66":{"start":{"line":110,"column":0},"end":{"line":119,"column":2}},"67":{"start":{"line":111,"column":4},"end":{"line":118,"column":5}},"68":{"start":{"line":112,"column":8},"end":{"line":112,"column":30}},"69":{"start":{"line":113,"column":8},"end":{"line":117,"column":9}},"70":{"start":{"line":114,"column":12},"end":{"line":114,"column":31}},"71":{"start":{"line":116,"column":12},"end":{"line":116,"column":31}},"72":{"start":{"line":126,"column":0},"end":{"line":143,"column":1}},"73":{"start":{"line":127,"column":4},"end":{"line":127,"column":42}},"74":{"start":{"line":128,"column":4},"end":{"line":128,"column":67}},"75":{"start":{"line":129,"column":4},"end":{"line":129,"column":59}},"76":{"start":{"line":131,"column":4},"end":{"line":131,"column":63}},"77":{"start":{"line":132,"column":4},"end":{"line":142,"column":6}},"78":{"start":{"line":133,"column":8},"end":{"line":133,"column":38}},"79":{"start":{"line":133,"column":17},"end":{"line":133,"column":38}},"80":{"start":{"line":137,"column":8},"end":{"line":137,"column":58}},"81":{"start":{"line":138,"column":8},"end":{"line":141,"column":10}},"82":{"start":{"line":139,"column":12},"end":{"line":139,"column":42}},"83":{"start":{"line":139,"column":21},"end":{"line":139,"column":42}},"84":{"start":{"line":140,"column":12},"end":{"line":140,"column":34}},"85":{"start":{"line":150,"column":0},"end":{"line":166,"column":1}},"86":{"start":{"line":151,"column":4},"end":{"line":151,"column":40}},"87":{"start":{"line":152,"column":4},"end":{"line":152,"column":63}},"88":{"start":{"line":153,"column":4},"end":{"line":153,"column":59}},"89":{"start":{"line":155,"column":4},"end":{"line":155,"column":120}},"90":{"start":{"line":156,"column":4},"end":{"line":165,"column":6}},"91":{"start":{"line":157,"column":8},"end":{"line":157,"column":38}},"92":{"start":{"line":157,"column":17},"end":{"line":157,"column":38}},"93":{"start":{"line":159,"column":8},"end":{"line":159,"column":58}},"94":{"start":{"line":160,"column":8},"end":{"line":164,"column":11}},"95":{"start":{"line":161,"column":12},"end":{"line":161,"column":42}},"96":{"start":{"line":161,"column":21},"end":{"line":161,"column":42}},"97":{"start":{"line":163,"column":12},"end":{"line":163,"column":34}},"98":{"start":{"line":172,"column":0},"end":{"line":179,"column":1}},"99":{"start":{"line":174,"column":4},"end":{"line":178,"column":7}},"100":{"start":{"line":175,"column":8},"end":{"line":175,"column":66}},"101":{"start":{"line":176,"column":8},"end":{"line":176,"column":79}},"102":{"start":{"line":177,"column":8},"end":{"line":177,"column":45}},"103":{"start":{"line":186,"column":0},"end":{"line":210,"column":1}},"104":{"start":{"line":188,"column":4},"end":{"line":209,"column":5}},"105":{"start":{"line":189,"column":8},"end":{"line":189,"column":63}},"106":{"start":{"line":191,"column":8},"end":{"line":193,"column":11}},"107":{"start":{"line":192,"column":12},"end":{"line":192,"column":47}},"108":{"start":{"line":194,"column":8},"end":{"line":208,"column":11}},"109":{"start":{"line":195,"column":12},"end":{"line":195,"column":62}},"110":{"start":{"line":196,"column":12},"end":{"line":198,"column":15}},"111":{"start":{"line":197,"column":16},"end":{"line":197,"column":42}},"112":{"start":{"line":197,"column":25},"end":{"line":197,"column":42}},"113":{"start":{"line":199,"column":12},"end":{"line":207,"column":15}},"114":{"start":{"line":200,"column":16},"end":{"line":200,"column":74}},"115":{"start":{"line":201,"column":16},"end":{"line":206,"column":17}},"116":{"start":{"line":202,"column":20},"end":{"line":202,"column":59}},"117":{"start":{"line":204,"column":20},"end":{"line":204,"column":87}},"118":{"start":{"line":205,"column":20},"end":{"line":205,"column":52}},"119":{"start":{"line":215,"column":0},"end":{"line":229,"column":1}},"120":{"start":{"line":216,"column":4},"end":{"line":228,"column":5}},"121":{"start":{"line":217,"column":8},"end":{"line":217,"column":63}},"122":{"start":{"line":219,"column":8},"end":{"line":222,"column":11}},"123":{"start":{"line":220,"column":12},"end":{"line":220,"column":48}},"124":{"start":{"line":221,"column":12},"end":{"line":221,"column":30}},"125":{"start":{"line":223,"column":8},"end":{"line":227,"column":11}},"126":{"start":{"line":224,"column":12},"end":{"line":224,"column":32}},"127":{"start":{"line":225,"column":12},"end":{"line":225,"column":68}},"128":{"start":{"line":226,"column":12},"end":{"line":226,"column":40}},"129":{"start":{"line":231,"column":0},"end":{"line":231,"column":24}}},"branchMap":{"1":{"line":43,"type":"if","locations":[{"start":{"line":43,"column":12},"end":{"line":43,"column":12}},{"start":{"line":43,"column":12},"end":{"line":43,"column":12}}]},"2":{"line":61,"type":"if","locations":[{"start":{"line":61,"column":8},"end":{"line":61,"column":8}},{"start":{"line":61,"column":8},"end":{"line":61,"column":8}}]},"3":{"line":87,"type":"if","locations":[{"start":{"line":87,"column":12},"end":{"line":87,"column":12}},{"start":{"line":87,"column":12},"end":{"line":87,"column":12}}]},"4":{"line":99,"type":"if","locations":[{"start":{"line":99,"column":8},"end":{"line":99,"column":8}},{"start":{"line":99,"column":8},"end":{"line":99,"column":8}}]},"5":{"line":102,"type":"if","locations":[{"start":{"line":102,"column":12},"end":{"line":102,"column":12}},{"start":{"line":102,"column":12},"end":{"line":102,"column":12}}]},"6":{"line":113,"type":"if","locations":[{"start":{"line":113,"column":8},"end":{"line":113,"column":8}},{"start":{"line":113,"column":8},"end":{"line":113,"column":8}}]},"7":{"line":133,"type":"if","locations":[{"start":{"line":133,"column":8},"end":{"line":133,"column":8}},{"start":{"line":133,"column":8},"end":{"line":133,"column":8}}]},"8":{"line":139,"type":"if","locations":[{"start":{"line":139,"column":12},"end":{"line":139,"column":12}},{"start":{"line":139,"column":12},"end":{"line":139,"column":12}}]},"9":{"line":157,"type":"if","locations":[{"start":{"line":157,"column":8},"end":{"line":157,"column":8}},{"start":{"line":157,"column":8},"end":{"line":157,"column":8}}]},"10":{"line":161,"type":"if","locations":[{"start":{"line":161,"column":12},"end":{"line":161,"column":12}},{"start":{"line":161,"column":12},"end":{"line":161,"column":12}}]},"11":{"line":188,"type":"if","locations":[{"start":{"line":188,"column":4},"end":{"line":188,"column":4}},{"start":{"line":188,"column":4},"end":{"line":188,"column":4}}]},"12":{"line":197,"type":"if","locations":[{"start":{"line":197,"column":16},"end":{"line":197,"column":16}},{"start":{"line":197,"column":16},"end":{"line":197,"column":16}}]},"13":{"line":201,"type":"if","locations":[{"start":{"line":201,"column":16},"end":{"line":201,"column":16}},{"start":{"line":201,"column":16},"end":{"line":201,"column":16}}]},"14":{"line":216,"type":"if","locations":[{"start":{"line":216,"column":4},"end":{"line":216,"column":4}},{"start":{"line":216,"column":4},"end":{"line":216,"column":4}}]}}},"C:\\Users\\marco\\WebstormProjects\\SignuTimes2\\routes\\users.js":{"path":"C:\\Users\\marco\\WebstormProjects\\SignuTimes2\\routes\\users.js","s":{"1":1,"2":1,"3":1,"4":0,"5":1},"b":{},"f":{"1":0},"fnMap":{"1":{"name":"(anonymous_1)","line":5,"loc":{"start":{"line":5,"column":16},"end":{"line":5,"column":41}}}},"statementMap":{"1":{"start":{"line":1,"column":0},"end":{"line":1,"column":33}},"2":{"start":{"line":2,"column":0},"end":{"line":2,"column":30}},"3":{"start":{"line":5,"column":0},"end":{"line":7,"column":3}},"4":{"start":{"line":6,"column":2},"end":{"line":6,"column":38}},"5":{"start":{"line":9,"column":0},"end":{"line":9,"column":24}}},"branchMap":{}}}